# JRE version: Java(TM) SE Runtime Environment (8.0_144-b01) (build 1.8.0_144-b01)
# Java VM: Java HotSpot(TM) 64-Bit Server VM (25.144-b01 mixed mode windows-amd64 compressed oops)
Heap:
 PSYoungGen      total 8869376K, used 2449758K [0x0000000555580000, 0x00000007c0000000, 0x00000007c0000000)
  eden space 7602688K, 32% used [0x0000000555580000,0x00000005eadd7920,0x0000000725600000)
  from space 1266688K, 0% used [0x0000000772b00000,0x0000000772b00000,0x00000007c0000000)
  to   space 1266688K, 0% used [0x0000000725600000,0x0000000725600000,0x0000000772b00000)
 ParOldGen       total 20272640K, used 446301K [0x0000000080000000, 0x0000000555580000, 0x0000000555580000)
  object space 20272640K, 2% used [0x0000000080000000,0x000000009b3d75b8,0x0000000555580000)
 Metaspace       used 36250K, capacity 36674K, committed 37080K, reserved 1081344K
  class space    used 4195K, capacity 4298K, committed 4352K, reserved 1048576K
GC Heap History (8 events):
Event: 22.132 GC heap before
{Heap before GC invocations=1 (full 0):
 PSYoungGen      total 8869376K, used 2839133K [0x0000000555580000, 0x00000007c0000000, 0x00000007c0000000)
  eden space 7602688K, 37% used [0x0000000555580000,0x0000000602a17478,0x0000000725600000)
  from space 1266688K, 0% used [0x0000000772b00000,0x0000000772b00000,0x00000007c0000000)
  to   space 1266688K, 0% used [0x0000000725600000,0x0000000725600000,0x0000000772b00000)
 ParOldGen       total 20272640K, used 0K [0x0000000080000000, 0x0000000555580000, 0x0000000555580000)
  object space 20272640K, 0% used [0x0000000080000000,0x0000000080000000,0x0000000555580000)
 Metaspace       used 20786K, capacity 21158K, committed 21248K, reserved 1069056K
  class space    used 2433K, capacity 2560K, committed 2560K, reserved 1048576K
Event: 22.158 GC heap after
Heap after GC invocations=1 (full 0):
 PSYoungGen      total 8869376K, used 44774K [0x0000000555580000, 0x00000007c0000000, 0x00000007c0000000)
  eden space 7602688K, 0% used [0x0000000555580000,0x0000000555580000,0x0000000725600000)
  from space 1266688K, 3% used [0x0000000725600000,0x00000007281b9890,0x0000000772b00000)
  to   space 1266688K, 0% used [0x0000000772b00000,0x0000000772b00000,0x00000007c0000000)
 ParOldGen       total 20272640K, used 124K [0x0000000080000000, 0x0000000555580000, 0x0000000555580000)
  object space 20272640K, 0% used [0x0000000080000000,0x000000008001f040,0x0000000555580000)
 Metaspace       used 20786K, capacity 21158K, committed 21248K, reserved 1069056K
  class space    used 2433K, capacity 2560K, committed 2560K, reserved 1048576K
}
Event: 22.158 GC heap before
{Heap before GC invocations=2 (full 1):
 PSYoungGen      total 8869376K, used 44774K [0x0000000555580000, 0x00000007c0000000, 0x00000007c0000000)
  eden space 7602688K, 0% used [0x0000000555580000,0x0000000555580000,0x0000000725600000)
  from space 1266688K, 3% used [0x0000000725600000,0x00000007281b9890,0x0000000772b00000)
  to   space 1266688K, 0% used [0x0000000772b00000,0x0000000772b00000,0x00000007c0000000)
 ParOldGen       total 20272640K, used 124K [0x0000000080000000, 0x0000000555580000, 0x0000000555580000)
  object space 20272640K, 0% used [0x0000000080000000,0x000000008001f040,0x0000000555580000)
 Metaspace       used 20786K, capacity 21158K, committed 21248K, reserved 1069056K
  class space    used 2433K, capacity 2560K, committed 2560K, reserved 1048576K
Event: 22.321 GC heap after
Heap after GC invocations=2 (full 1):
 PSYoungGen      total 8869376K, used 0K [0x0000000555580000, 0x00000007c0000000, 0x00000007c0000000)
  eden space 7602688K, 0% used [0x0000000555580000,0x0000000555580000,0x0000000725600000)
  from space 1266688K, 0% used [0x0000000725600000,0x0000000725600000,0x0000000772b00000)
  to   space 1266688K, 0% used [0x0000000772b00000,0x0000000772b00000,0x00000007c0000000)
 ParOldGen       total 20272640K, used 44467K [0x0000000080000000, 0x0000000555580000, 0x0000000555580000)
  object space 20272640K, 0% used [0x0000000080000000,0x0000000082b6ce70,0x0000000555580000)
 Metaspace       used 20786K, capacity 21158K, committed 21248K, reserved 1069056K
  class space    used 2433K, capacity 2560K, committed 2560K, reserved 1048576K
}
Event: 29.864 GC heap before
{Heap before GC invocations=3 (full 1):
 PSYoungGen      total 8869376K, used 2566757K [0x0000000555580000, 0x00000007c0000000, 0x00000007c0000000)
  eden space 7602688K, 33% used [0x0000000555580000,0x00000005f20195f8,0x0000000725600000)
  from space 1266688K, 0% used [0x0000000725600000,0x0000000725600000,0x0000000772b00000)
  to   space 1266688K, 0% used [0x0000000772b00000,0x0000000772b00000,0x00000007c0000000)
 ParOldGen       total 20272640K, used 44467K [0x0000000080000000, 0x0000000555580000, 0x0000000555580000)
  object space 20272640K, 0% used [0x0000000080000000,0x0000000082b6ce70,0x0000000555580000)
 Metaspace       used 34741K, capacity 35138K, committed 35416K, reserved 1081344K
  class space    used 4053K, capacity 4170K, committed 4224K, reserved 1048576K
Event: 30.029 GC heap after
Heap after GC invocations=3 (full 1):
 PSYoungGen      total 8869376K, used 422392K [0x0000000555580000, 0x00000007c0000000, 0x00000007c0000000)
  eden space 7602688K, 0% used [0x0000000555580000,0x0000000555580000,0x0000000725600000)
  from space 1266688K, 33% used [0x0000000772b00000,0x000000078c77e370,0x00000007c0000000)
  to   space 1266688K, 0% used [0x0000000725600000,0x0000000725600000,0x0000000772b00000)
 ParOldGen       total 20272640K, used 44475K [0x0000000080000000, 0x0000000555580000, 0x0000000555580000)
  object space 20272640K, 0% used [0x0000000080000000,0x0000000082b6ee70,0x0000000555580000)
 Metaspace       used 34741K, capacity 35138K, committed 35416K, reserved 1081344K
  class space    used 4053K, capacity 4170K, committed 4224K, reserved 1048576K
}
Event: 30.029 GC heap before
{Heap before GC invocations=4 (full 2):
 PSYoungGen      total 8869376K, used 422392K [0x0000000555580000, 0x00000007c0000000, 0x00000007c0000000)
  eden space 7602688K, 0% used [0x0000000555580000,0x0000000555580000,0x0000000725600000)
  from space 1266688K, 33% used [0x0000000772b00000,0x000000078c77e370,0x00000007c0000000)
  to   space 1266688K, 0% used [0x0000000725600000,0x0000000725600000,0x0000000772b00000)
 ParOldGen       total 20272640K, used 44475K [0x0000000080000000, 0x0000000555580000, 0x0000000555580000)
  object space 20272640K, 0% used [0x0000000080000000,0x0000000082b6ee70,0x0000000555580000)
 Metaspace       used 34741K, capacity 35138K, committed 35416K, reserved 1081344K
  class space    used 4053K, capacity 4170K, committed 4224K, reserved 1048576K
Event: 30.172 GC heap after
Heap after GC invocations=4 (full 2):
 PSYoungGen      total 8869376K, used 0K [0x0000000555580000, 0x00000007c0000000, 0x00000007c0000000)
  eden space 7602688K, 0% used [0x0000000555580000,0x0000000555580000,0x0000000725600000)
  from space 1266688K, 0% used [0x0000000772b00000,0x0000000772b00000,0x00000007c0000000)
  to   space 1266688K, 0% used [0x0000000725600000,0x0000000725600000,0x0000000772b00000)
 ParOldGen       total 20272640K, used 446301K [0x0000000080000000, 0x0000000555580000, 0x0000000555580000)
  object space 20272640K, 2% used [0x0000000080000000,0x000000009b3d75b8,0x0000000555580000)
 Metaspace       used 34741K, capacity 35138K, committed 35416K, reserved 1081344K
  class space    used 4053K, capacity 4170K, committed 4224K, reserved 1048576K
}

