# JRE version: Java(TM) SE Runtime Environment (8.0_144-b01) (build 1.8.0_144-b01)
# Java VM: Java HotSpot(TM) 64-Bit Server VM (25.144-b01 mixed mode windows-amd64 compressed oops)
Heap:
 PSYoungGen      total 8869376K, used 427855K [0x0000000555580000, 0x00000007c0000000, 0x00000007c0000000)
  eden space 7602688K, 0% used [0x0000000555580000,0x0000000555580000,0x0000000725600000)
  from space 1266688K, 33% used [0x0000000772b00000,0x000000078ccd3e90,0x00000007c0000000)
  to   space 1266688K, 0% used [0x0000000725600000,0x0000000725600000,0x0000000772b00000)
 ParOldGen       total 20272640K, used 44482K [0x0000000080000000, 0x0000000555580000, 0x0000000555580000)
  object space 20272640K, 0% used [0x0000000080000000,0x0000000082b70908,0x0000000555580000)
 Metaspace       used 34723K, capacity 35138K, committed 35416K, reserved 1081344K
  class space    used 4058K, capacity 4170K, committed 4224K, reserved 1048576K
GC Heap History (7 events):
Event: 13.082 GC heap before
{Heap before GC invocations=1 (full 0):
 PSYoungGen      total 8869376K, used 2839131K [0x0000000555580000, 0x00000007c0000000, 0x00000007c0000000)
  eden space 7602688K, 37% used [0x0000000555580000,0x0000000602a16f18,0x0000000725600000)
  from space 1266688K, 0% used [0x0000000772b00000,0x0000000772b00000,0x00000007c0000000)
  to   space 1266688K, 0% used [0x0000000725600000,0x0000000725600000,0x0000000772b00000)
 ParOldGen       total 20272640K, used 0K [0x0000000080000000, 0x0000000555580000, 0x0000000555580000)
  object space 20272640K, 0% used [0x0000000080000000,0x0000000080000000,0x0000000555580000)
 Metaspace       used 20771K, capacity 21158K, committed 21248K, reserved 1069056K
  class space    used 2429K, capacity 2560K, committed 2560K, reserved 1048576K
Event: 13.103 GC heap after
Heap after GC invocations=1 (full 0):
 PSYoungGen      total 8869376K, used 44473K [0x0000000555580000, 0x00000007c0000000, 0x00000007c0000000)
  eden space 7602688K, 0% used [0x0000000555580000,0x0000000555580000,0x0000000725600000)
  from space 1266688K, 3% used [0x0000000725600000,0x000000072816e628,0x0000000772b00000)
  to   space 1266688K, 0% used [0x0000000772b00000,0x0000000772b00000,0x00000007c0000000)
 ParOldGen       total 20272640K, used 380K [0x0000000080000000, 0x0000000555580000, 0x0000000555580000)
  object space 20272640K, 0% used [0x0000000080000000,0x000000008005f050,0x0000000555580000)
 Metaspace       used 20771K, capacity 21158K, committed 21248K, reserved 1069056K
  class space    used 2429K, capacity 2560K, committed 2560K, reserved 1048576K
}
Event: 13.104 GC heap before
{Heap before GC invocations=2 (full 1):
 PSYoungGen      total 8869376K, used 44473K [0x0000000555580000, 0x00000007c0000000, 0x00000007c0000000)
  eden space 7602688K, 0% used [0x0000000555580000,0x0000000555580000,0x0000000725600000)
  from space 1266688K, 3% used [0x0000000725600000,0x000000072816e628,0x0000000772b00000)
  to   space 1266688K, 0% used [0x0000000772b00000,0x0000000772b00000,0x00000007c0000000)
 ParOldGen       total 20272640K, used 380K [0x0000000080000000, 0x0000000555580000, 0x0000000555580000)
  object space 20272640K, 0% used [0x0000000080000000,0x000000008005f050,0x0000000555580000)
 Metaspace       used 20771K, capacity 21158K, committed 21248K, reserved 1069056K
  class space    used 2429K, capacity 2560K, committed 2560K, reserved 1048576K
Event: 13.217 GC heap after
Heap after GC invocations=2 (full 1):
 PSYoungGen      total 8869376K, used 0K [0x0000000555580000, 0x00000007c0000000, 0x00000007c0000000)
  eden space 7602688K, 0% used [0x0000000555580000,0x0000000555580000,0x0000000725600000)
  from space 1266688K, 0% used [0x0000000725600000,0x0000000725600000,0x0000000772b00000)
  to   space 1266688K, 0% used [0x0000000772b00000,0x0000000772b00000,0x00000007c0000000)
 ParOldGen       total 20272640K, used 44474K [0x0000000080000000, 0x0000000555580000, 0x0000000555580000)
  object space 20272640K, 0% used [0x0000000080000000,0x0000000082b6e908,0x0000000555580000)
 Metaspace       used 20771K, capacity 21158K, committed 21248K, reserved 1069056K
  class space    used 2429K, capacity 2560K, committed 2560K, reserved 1048576K
}
Event: 19.007 GC heap before
{Heap before GC invocations=3 (full 1):
 PSYoungGen      total 8869376K, used 2576524K [0x0000000555580000, 0x00000007c0000000, 0x00000007c0000000)
  eden space 7602688K, 33% used [0x0000000555580000,0x00000005f29a33b0,0x0000000725600000)
  from space 1266688K, 0% used [0x0000000725600000,0x0000000725600000,0x0000000772b00000)
  to   space 1266688K, 0% used [0x0000000772b00000,0x0000000772b00000,0x00000007c0000000)
 ParOldGen       total 20272640K, used 44474K [0x0000000080000000, 0x0000000555580000, 0x0000000555580000)
  object space 20272640K, 0% used [0x0000000080000000,0x0000000082b6e908,0x0000000555580000)
 Metaspace       used 34723K, capacity 35138K, committed 35416K, reserved 1081344K
  class space    used 4058K, capacity 4170K, committed 4224K, reserved 1048576K
Event: 19.168 GC heap after
Heap after GC invocations=3 (full 1):
 PSYoungGen      total 8869376K, used 427855K [0x0000000555580000, 0x00000007c0000000, 0x00000007c0000000)
  eden space 7602688K, 0% used [0x0000000555580000,0x0000000555580000,0x0000000725600000)
  from space 1266688K, 33% used [0x0000000772b00000,0x000000078ccd3e90,0x00000007c0000000)
  to   space 1266688K, 0% used [0x0000000725600000,0x0000000725600000,0x0000000772b00000)
 ParOldGen       total 20272640K, used 44482K [0x0000000080000000, 0x0000000555580000, 0x0000000555580000)
  object space 20272640K, 0% used [0x0000000080000000,0x0000000082b70908,0x0000000555580000)
 Metaspace       used 34723K, capacity 35138K, committed 35416K, reserved 1081344K
  class space    used 4058K, capacity 4170K, committed 4224K, reserved 1048576K
}
Event: 19.168 GC heap before
{Heap before GC invocations=4 (full 2):
 PSYoungGen      total 8869376K, used 427855K [0x0000000555580000, 0x00000007c0000000, 0x00000007c0000000)
  eden space 7602688K, 0% used [0x0000000555580000,0x0000000555580000,0x0000000725600000)
  from space 1266688K, 33% used [0x0000000772b00000,0x000000078ccd3e90,0x00000007c0000000)
  to   space 1266688K, 0% used [0x0000000725600000,0x0000000725600000,0x0000000772b00000)
 ParOldGen       total 20272640K, used 44482K [0x0000000080000000, 0x0000000555580000, 0x0000000555580000)
  object space 20272640K, 0% used [0x0000000080000000,0x0000000082b70908,0x0000000555580000)
 Metaspace       used 34723K, capacity 35138K, committed 35416K, reserved 1081344K
  class space    used 4058K, capacity 4170K, committed 4224K, reserved 1048576K

